<?xml version="1.0" encoding="UTF-8"?>
<!-- Generated by org.testng.reporters.JUnitXMLReporter -->
<testsuite ignored="0" hostname="FLW-GodsfavourNwoko-PC" failures="1" tests="5" name="Car Loan Module" time="0.009" errors="0" timestamp="2024-01-11T16:07:15 WAT">
  <testcase classname="test.day3" name="Aloan" time="0.001"/>
  <testcase classname="test.day4" name="Bloan" time="0.001"/>
  <testcase classname="test.day4" name="Bloan" time="0.0"/>
  <testcase classname="test.day4" name="Bloan" time="0.0"/>
  <testcase classname="test.day4" name="testFailure" time="0.002">
    <failure type="java.lang.AssertionError" message="expected [true] but found [false]">
      <![CDATA[java.lang.AssertionError: expected [true] but found [false]
at test.day4.testFailure(day4.java:21)
at java.base/java.util.ArrayList.forEach(ArrayList.java:1511)
... Removed 29 stack frames]]>
    </failure>
  </testcase> <!-- testFailure -->
</testsuite> <!-- Car Loan Module -->
