<?xml version="1.0" encoding="UTF-8"?>
<!-- Generated by org.testng.reporters.JUnitXMLReporter -->
<testsuite ignored="1" hostname="FLW-GodsfavourNwoko-PC" failures="0" tests="3" name="Personal loan Module" time="0.021" errors="0" timestamp="2024-01-11T16:07:15 WAT">
  <testcase classname="test.day1" name="BTest" time="0.002"/>
  <testcase classname="test.day2" name="Gloan" time="0.001"/>
  <testcase classname="test.day2" name="ploan" time="0.0"/>
  <testcase classname="test.day1" name="Demo" time="0.0">
    <ignored/>
  </testcase> <!-- Demo -->
</testsuite> <!-- Personal loan Module -->
